.mod           1
.gitattributes 1
.editorconfig  1
.gitignore     1
.txt           2
.xyzzzzz       1
.v             5
.sample        13
.git/hooks/run-vfmt1
.git/info/exclude1
.git/description1
.git/refs/heads/main1
.git/refs/remotes/origin/main1
.git/HEAD      1
.git/objects/51/7d63e22041b274c1afd0e50a6a64dd369b396a1
.git/objects/97/038dfedfb05e4cdab70903309926364a4e61b21
.git/objects/5e/93027d2479d5221ec18ec6a2ebe189c9de68341
.git/objects/65/4cb57432e3e6efe01662cd826ca4f35e46fc191
.git/objects/40/bb68885f7ebfab5acdc6593779f2c04102d1b31
.git/objects/40/8df6cd07985c8a0ab572edee912543a65fb7321
.git/objects/ec/68ff319b96fca5322636effb74dada2015bcf31
.git/objects/e6/9de29bb2d1d6434b8b29ae775ad8c2e48c53911
.git/objects/90/10873b896f7f14919dde0cbfe474c2c78dd2841
.git/objects/b2/abdac384f111c1a8a518e05b963a3bb25416591
.git/objects/6f/1a5122afcc41f2b1e33016c5ac4ab0e595cfa71
.git/objects/6f/3d005fe738d76854d58d2725b2449ad1549c971
.git/objects/8c/5e631416701c4573d4f3e1367b6c353840c3781
.git/objects/47/d41c65333271e6e8cf6b26312075f7a77519d71
.git/objects/47/637e77cbc663f3c253a0b6adc8a322525511691
.git/objects/a4/40f158e0d0753e9a39091b6a6191341e22e6211
.git/objects/36/e30b711aeaf95f9c006fa145a61fae8e67332c1
.git/objects/fe/4ac975e57914d7061747e9ba44a0341ef5666d1
.git/objects/7a/a1b97ec391a6cee0f43648e44f4eb71b31daa21
.git/objects/f5/738cd4281ab0cf9b97e225590aff7c4cb5c60b1
.git/objects/8b/57a7b1bbcde6a262497d9b4d9318662ab8a26c1
.git/objects/91/784f11306f74f1ebab35483daa6992aef772e21
.git/objects/72/24c845897b1858eded607671ebcbc233307a871
.git/objects/e8/682f8b4eb343ee76fe2e678f0ba921ff9299041
.git/objects/99/bfcc3076dc1c344ca4af18bbb24dcc20cdf0b31
.git/objects/9b/3e569e4c0e67a9b8c6fb222da5c2a934d1a83f1
.git/objects/9b/a1755d895ff716ede905d9adfbe49504065d4b1
.git/objects/66/366aa38261fa4e88f8aad832f1e80d55160eed1
.git/objects/01/1ffbca0f3f5d1128a4ef15f6060831dc3842d51
.git/objects/3e/ca74ee113d4fe906df47a03f1ae91775c0c4a21
.git/objects/f6/86465de4f8fa8843c01a871932881fa4a464fa1
.git/objects/14/76f4055c5e9aacab81f65077083fca9c058ab81
.git/objects/d0/657b98b88e6859f8a0f88b30ed7f7f024461591
.git/objects/d0/8aa17f66473c1c8d8cea31392f1197b40c0f2c1
.git/objects/d2/07eefae6e3b0eee393cc7286c55c02c70dd0581
.git/objects/a6/a7ab73b5c12494ba6ba0505e6f9e99451bb3491
.git/objects/04/a58b2266276d8e06b23301eaa1377a52b1c6081
.git/objects/04/9b682efa24e6595f5666c0b189f4f14d28d2561
.git/objects/81/abc3c123374e7ef5096a5e0756ce6ac52425851
.git/objects/e9/e605cc82d5b6c9ab10cf051145785317428dd31
.git/objects/19/c8187ed6da489e132582acf8979b88c57035fe1
.git/objects/1e/78b7d3543868969298fc7fc3081df49e4d1b171
.git/objects/2a/e68f785c330b76c50dc2e7cad4d4cfafbe4e131
.git/objects/d5/ff299c58d697c2fc64f215a4285f61fd0f02bb1
.git/objects/ee/783724987f4ef92bbec808b91aea19813a40f51
.git/objects/b4/63d78660af68834ecc4e50b96eb6d1a1e8c7b11
.git/COMMIT_EDITMSG1
.git/logs/HEAD 1
.git/logs/refs/heads/main1
.git/logs/refs/remotes/origin/main1
.git/config    1
.git/FETCH_HEAD1
.git/ORIG_HEAD 1
.git/index     1
None           2
.md            1
.bak           5
.out           1
